-------------------------------------------------------------------------------
Test set: nz.ac.auckland.tests.userDetail.UserTest
-------------------------------------------------------------------------------
Tests run: 1, Failures: 0, Errors: 1, Skipped: 0, Time elapsed: 0.43 sec <<< FAILURE!
CreateUserTest(nz.ac.auckland.tests.userDetail.UserTest)  Time elapsed: 0.429 sec  <<< ERROR!
javax.ws.rs.ProcessingException: Unable to invoke request
	at org.jboss.resteasy.client.jaxrs.engines.ApacheHttpClient4Engine.invoke(ApacheHttpClient4Engine.java:287)
	at org.jboss.resteasy.client.jaxrs.internal.ClientInvocation.invoke(ClientInvocation.java:436)
	at org.jboss.resteasy.client.jaxrs.internal.ClientInvocationBuilder.post(ClientInvocationBuilder.java:195)
	at nz.ac.auckland.tests.userDetail.UserTest.CreateUserTest(UserTest.java:45)
	at sun.reflect.NativeMethodAccessorImpl.invoke0(Native Method)
	at sun.reflect.NativeMethodAccessorImpl.invoke(NativeMethodAccessorImpl.java:62)
	at sun.reflect.DelegatingMethodAccessorImpl.invoke(DelegatingMethodAccessorImpl.java:43)
	at java.lang.reflect.Method.invoke(Method.java:498)
	at org.junit.runners.model.FrameworkMethod$1.runReflectiveCall(FrameworkMethod.java:50)
	at org.junit.internal.runners.model.ReflectiveCallable.run(ReflectiveCallable.java:12)
	at org.junit.runners.model.FrameworkMethod.invokeExplosively(FrameworkMethod.java:47)
	at org.junit.internal.runners.statements.InvokeMethod.evaluate(InvokeMethod.java:17)
	at org.junit.runners.ParentRunner.runLeaf(ParentRunner.java:325)
	at org.junit.runners.BlockJUnit4ClassRunner.runChild(BlockJUnit4ClassRunner.java:78)
	at org.junit.runners.BlockJUnit4ClassRunner.runChild(BlockJUnit4ClassRunner.java:57)
	at org.junit.runners.ParentRunner$3.run(ParentRunner.java:290)
	at org.junit.runners.ParentRunner$1.schedule(ParentRunner.java:71)
	at org.junit.runners.ParentRunner.runChildren(ParentRunner.java:288)
	at org.junit.runners.ParentRunner.access$000(ParentRunner.java:58)
	at org.junit.runners.ParentRunner$2.evaluate(ParentRunner.java:268)
	at org.junit.runners.ParentRunner.run(ParentRunner.java:363)
	at org.apache.maven.surefire.junit4.JUnit4Provider.execute(JUnit4Provider.java:252)
	at org.apache.maven.surefire.junit4.JUnit4Provider.executeTestSet(JUnit4Provider.java:141)
	at org.apache.maven.surefire.junit4.JUnit4Provider.invoke(JUnit4Provider.java:112)
	at sun.reflect.NativeMethodAccessorImpl.invoke0(Native Method)
	at sun.reflect.NativeMethodAccessorImpl.invoke(NativeMethodAccessorImpl.java:62)
	at sun.reflect.DelegatingMethodAccessorImpl.invoke(DelegatingMethodAccessorImpl.java:43)
	at java.lang.reflect.Method.invoke(Method.java:498)
	at org.apache.maven.surefire.util.ReflectionUtils.invokeMethodWithArray(ReflectionUtils.java:189)
	at org.apache.maven.surefire.booter.ProviderFactory$ProviderProxy.invoke(ProviderFactory.java:165)
	at org.apache.maven.surefire.booter.ProviderFactory.invokeProvider(ProviderFactory.java:85)
	at org.apache.maven.surefire.booter.ForkedBooter.runSuitesInProcess(ForkedBooter.java:115)
	at org.apache.maven.surefire.booter.ForkedBooter.main(ForkedBooter.java:75)
Caused by: javax.ws.rs.ProcessingException: could not find writer for content-type application/xml type: nz.ac.auckland.userDetail.User
	at org.jboss.resteasy.core.interception.ClientWriterInterceptorContext.throwWriterNotFoundException(ClientWriterInterceptorContext.java:40)
	at org.jboss.resteasy.core.interception.AbstractWriterInterceptorContext.getWriter(AbstractWriterInterceptorContext.java:138)
	at org.jboss.resteasy.core.interception.AbstractWriterInterceptorContext.proceed(AbstractWriterInterceptorContext.java:117)
	at org.jboss.resteasy.plugins.interceptors.encoding.GZIPEncodingInterceptor.aroundWriteTo(GZIPEncodingInterceptor.java:100)
	at org.jboss.resteasy.core.interception.AbstractWriterInterceptorContext.proceed(AbstractWriterInterceptorContext.java:122)
	at org.jboss.resteasy.client.jaxrs.internal.ClientInvocation.writeRequestBody(ClientInvocation.java:370)
	at org.jboss.resteasy.client.jaxrs.engines.ApacheHttpClient4Engine.writeRequestBodyToOutputStream(ApacheHttpClient4Engine.java:558)
	at org.jboss.resteasy.client.jaxrs.engines.ApacheHttpClient4Engine.buildEntity(ApacheHttpClient4Engine.java:524)
	at org.jboss.resteasy.client.jaxrs.engines.ApacheHttpClient4Engine.loadHttpMethod(ApacheHttpClient4Engine.java:423)
	at org.jboss.resteasy.client.jaxrs.engines.ApacheHttpClient4Engine.invoke(ApacheHttpClient4Engine.java:281)
	... 32 more

