<?xml version="1.0" encoding="UTF-8" ?>
<testsuite tests="3" failures="1" name="nz.ac.auckland.tests.userDetail.UserTest" time="1.006" errors="0" skipped="0">
  <properties>
[...]
</properties>
  <testcase classname="nz.ac.auckland.tests.userDetail.UserTest" name="CreateUserTest" time="0.884"/>
  <testcase classname="nz.ac.auckland.tests.userDetail.UserTest" name="testAddItemToPurchase" time="0.001"/>
  <testcase classname="nz.ac.auckland.tests.userDetail.UserTest" name="testSingleItemPurchase" time="0.121">
    <failure message="Failed to create new purchase" type="java.lang.AssertionError">java.lang.AssertionError: Failed to create new purchase
	at org.junit.Assert.fail(Assert.java:88)
	at nz.ac.auckland.tests.userDetail.UserTest.testSingleItemPurchase(UserTest.java:126)
	at sun.reflect.NativeMethodAccessorImpl.invoke0(Native Method)
	at sun.reflect.NativeMethodAccessorImpl.invoke(NativeMethodAccessorImpl.java:62)
	at sun.reflect.DelegatingMethodAccessorImpl.invoke(DelegatingMethodAccessorImpl.java:43)
	at java.lang.reflect.Method.invoke(Method.java:498)
	at org.junit.runners.model.FrameworkMethod$1.runReflectiveCall(FrameworkMethod.java:50)
	at org.junit.internal.runners.model.ReflectiveCallable.run(ReflectiveCallable.java:12)
	at org.junit.runners.model.FrameworkMethod.invokeExplosively(FrameworkMethod.java:47)
	at org.junit.internal.runners.statements.InvokeMethod.evaluate(InvokeMethod.java:17)
	at org.junit.internal.runners.statements.RunBefores.evaluate(RunBefores.java:26)
	at org.junit.runners.ParentRunner.runLeaf(ParentRunner.java:325)
	at org.junit.runners.BlockJUnit4ClassRunner.runChild(BlockJUnit4ClassRunner.java:78)
	at org.junit.runners.BlockJUnit4ClassRunner.runChild(BlockJUnit4ClassRunner.java:57)
	at org.junit.runners.ParentRunner$3.run(ParentRunner.java:290)
	at org.junit.runners.ParentRunner$1.schedule(ParentRunner.java:71)
	at org.junit.runners.ParentRunner.runChildren(ParentRunner.java:288)
	at org.junit.runners.ParentRunner.access$000(ParentRunner.java:58)
	at org.junit.runners.ParentRunner$2.evaluate(ParentRunner.java:268)
	at org.junit.runners.ParentRunner.run(ParentRunner.java:363)
	at org.apache.maven.surefire.junit4.JUnit4Provider.execute(JUnit4Provider.java:252)
	at org.apache.maven.surefire.junit4.JUnit4Provider.executeTestSet(JUnit4Provider.java:141)
	at org.apache.maven.surefire.junit4.JUnit4Provider.invoke(JUnit4Provider.java:112)
	at sun.reflect.NativeMethodAccessorImpl.invoke0(Native Method)
	at sun.reflect.NativeMethodAccessorImpl.invoke(NativeMethodAccessorImpl.java:62)
	at sun.reflect.DelegatingMethodAccessorImpl.invoke(DelegatingMethodAccessorImpl.java:43)
	at java.lang.reflect.Method.invoke(Method.java:498)
	at org.apache.maven.surefire.util.ReflectionUtils.invokeMethodWithArray(ReflectionUtils.java:189)
	at org.apache.maven.surefire.booter.ProviderFactory$ProviderProxy.invoke(ProviderFactory.java:165)
	at org.apache.maven.surefire.booter.ProviderFactory.invokeProvider(ProviderFactory.java:85)
	at org.apache.maven.surefire.booter.ForkedBooter.runSuitesInProcess(ForkedBooter.java:115)
	at org.apache.maven.surefire.booter.ForkedBooter.main(ForkedBooter.java:75)
</failure>
    <system-out>2016-09-20 14:23:18,048 [main] DEBUG org.apache.http.impl.conn.BasicClientConnectionManager  - Get connection for route {}-&gt;http://localhost:10000
2016-09-20 14:23:18,048 [main] DEBUG org.apache.http.impl.conn.DefaultClientConnectionOperator  - Connecting to localhost:10000
2016-09-20 14:23:18,049 [main] DEBUG org.apache.http.client.protocol.RequestAddCookies  - CookieSpec selected: best-match
2016-09-20 14:23:18,049 [main] DEBUG org.apache.http.client.protocol.RequestAuthCache  - Auth cache not set in the context
2016-09-20 14:23:18,049 [main] DEBUG org.apache.http.client.protocol.RequestTargetAuthentication  - Target auth state: UNCHALLENGED
2016-09-20 14:23:18,049 [main] DEBUG org.apache.http.client.protocol.RequestProxyAuthentication  - Proxy auth state: UNCHALLENGED
2016-09-20 14:23:18,049 [main] DEBUG org.apache.http.impl.client.DefaultHttpClient  - Attempt 1 to execute request
2016-09-20 14:23:18,049 [main] DEBUG org.apache.http.impl.conn.DefaultClientConnection  - Sending request: POST /services/user HTTP/1.1
2016-09-20 14:23:18,049 [main] DEBUG org.apache.http.wire  -  &gt;&gt; &quot;POST /services/user HTTP/1.1[\r][\n]&quot;
2016-09-20 14:23:18,049 [main] DEBUG org.apache.http.wire  -  &gt;&gt; &quot;Accept-Encoding: gzip, deflate[\r][\n]&quot;
2016-09-20 14:23:18,049 [main] DEBUG org.apache.http.wire  -  &gt;&gt; &quot;Content-Type: application/xml[\r][\n]&quot;
2016-09-20 14:23:18,049 [main] DEBUG org.apache.http.wire  -  &gt;&gt; &quot;Content-Length: 446[\r][\n]&quot;
2016-09-20 14:23:18,050 [main] DEBUG org.apache.http.wire  -  &gt;&gt; &quot;Host: localhost:10000[\r][\n]&quot;
2016-09-20 14:23:18,050 [main] DEBUG org.apache.http.wire  -  &gt;&gt; &quot;Connection: Keep-Alive[\r][\n]&quot;
2016-09-20 14:23:18,050 [main] DEBUG org.apache.http.wire  -  &gt;&gt; &quot;[\r][\n]&quot;
2016-09-20 14:23:18,050 [main] DEBUG org.apache.http.headers  - &gt;&gt; POST /services/user HTTP/1.1
2016-09-20 14:23:18,050 [main] DEBUG org.apache.http.headers  - &gt;&gt; Accept-Encoding: gzip, deflate
2016-09-20 14:23:18,050 [main] DEBUG org.apache.http.headers  - &gt;&gt; Content-Type: application/xml
2016-09-20 14:23:18,050 [main] DEBUG org.apache.http.headers  - &gt;&gt; Content-Length: 446
2016-09-20 14:23:18,050 [main] DEBUG org.apache.http.headers  - &gt;&gt; Host: localhost:10000
2016-09-20 14:23:18,050 [main] DEBUG org.apache.http.headers  - &gt;&gt; Connection: Keep-Alive
2016-09-20 14:23:18,050 [main] DEBUG org.apache.http.wire  -  &gt;&gt; &quot;&lt;?xml version=&quot;1.0&quot; encoding=&quot;UTF-8&quot; standalone=&quot;yes&quot;?&gt;&lt;user id=&quot;0&quot;&gt;&lt;user-name&gt;soCool&lt;/user-name&gt;&lt;first-name&gt;So&lt;/first-name&gt;&lt;last-name&gt;Cool&lt;/last-name&gt;&lt;billing-address&gt;&lt;street&gt;12 abc Street&lt;/street&gt;&lt;city&gt;Auckland&lt;/city&gt;&lt;country&gt;New Zealand&lt;/country&gt;&lt;post-code&gt;1111&lt;/post-code&gt;&lt;/billing-address&gt;&lt;shipping-address&gt;&lt;street&gt;12 abc Street&lt;/street&gt;&lt;city&gt;Auckland&lt;/city&gt;&lt;country&gt;New Zealand&lt;/country&gt;&lt;post-code&gt;1111&lt;/post-code&gt;&lt;/shipping-address&gt;&lt;/user&gt;&quot;
2016-09-20 14:23:18,060 [main] DEBUG org.apache.http.wire  -  &lt;&lt; &quot;HTTP/1.1 201 Created[\r][\n]&quot;
2016-09-20 14:23:18,060 [main] DEBUG org.apache.http.wire  -  &lt;&lt; &quot;Location: http://localhost:10000/services/user/2[\r][\n]&quot;
2016-09-20 14:23:18,060 [main] DEBUG org.apache.http.wire  -  &lt;&lt; &quot;Content-Length: 0[\r][\n]&quot;
2016-09-20 14:23:18,061 [main] DEBUG org.apache.http.wire  -  &lt;&lt; &quot;Server: Jetty(9.0.6.v20130930)[\r][\n]&quot;
2016-09-20 14:23:18,061 [main] DEBUG org.apache.http.wire  -  &lt;&lt; &quot;[\r][\n]&quot;
2016-09-20 14:23:18,061 [main] DEBUG org.apache.http.impl.conn.DefaultClientConnection  - Receiving response: HTTP/1.1 201 Created
2016-09-20 14:23:18,061 [main] DEBUG org.apache.http.headers  - &lt;&lt; HTTP/1.1 201 Created
2016-09-20 14:23:18,061 [main] DEBUG org.apache.http.headers  - &lt;&lt; Location: http://localhost:10000/services/user/2
2016-09-20 14:23:18,061 [main] DEBUG org.apache.http.headers  - &lt;&lt; Content-Length: 0
2016-09-20 14:23:18,061 [main] DEBUG org.apache.http.headers  - &lt;&lt; Server: Jetty(9.0.6.v20130930)
2016-09-20 14:23:18,061 [main] DEBUG org.apache.http.impl.client.DefaultHttpClient  - Connection can be kept alive indefinitely
2016-09-20 14:23:18,061 [main] DEBUG org.apache.http.impl.conn.BasicClientConnectionManager  - Releasing connection org.apache.http.impl.conn.ManagedClientConnectionImpl@b62d79
2016-09-20 14:23:18,061 [main] DEBUG org.apache.http.impl.conn.BasicClientConnectionManager  - Connection can be kept alive indefinitely
2016-09-20 14:23:18,089 [main] DEBUG org.apache.http.impl.conn.BasicClientConnectionManager  - Get connection for route {}-&gt;http://localhost:10000
2016-09-20 14:23:18,089 [main] DEBUG org.apache.http.impl.client.DefaultHttpClient  - Stale connection check
2016-09-20 14:23:18,090 [main] DEBUG org.apache.http.client.protocol.RequestAddCookies  - CookieSpec selected: best-match
2016-09-20 14:23:18,090 [main] DEBUG org.apache.http.client.protocol.RequestAuthCache  - Auth cache not set in the context
2016-09-20 14:23:18,091 [main] DEBUG org.apache.http.client.protocol.RequestTargetAuthentication  - Target auth state: UNCHALLENGED
2016-09-20 14:23:18,091 [main] DEBUG org.apache.http.client.protocol.RequestProxyAuthentication  - Proxy auth state: UNCHALLENGED
2016-09-20 14:23:18,091 [main] DEBUG org.apache.http.impl.client.DefaultHttpClient  - Attempt 1 to execute request
2016-09-20 14:23:18,091 [main] DEBUG org.apache.http.impl.conn.DefaultClientConnection  - Sending request: POST /services/item HTTP/1.1
2016-09-20 14:23:18,091 [main] DEBUG org.apache.http.wire  -  &gt;&gt; &quot;POST /services/item HTTP/1.1[\r][\n]&quot;
2016-09-20 14:23:18,091 [main] DEBUG org.apache.http.wire  -  &gt;&gt; &quot;Accept-Encoding: gzip, deflate[\r][\n]&quot;
2016-09-20 14:23:18,091 [main] DEBUG org.apache.http.wire  -  &gt;&gt; &quot;Content-Type: application/xml[\r][\n]&quot;
2016-09-20 14:23:18,091 [main] DEBUG org.apache.http.wire  -  &gt;&gt; &quot;Content-Length: 126[\r][\n]&quot;
2016-09-20 14:23:18,091 [main] DEBUG org.apache.http.wire  -  &gt;&gt; &quot;Host: localhost:10000[\r][\n]&quot;
2016-09-20 14:23:18,091 [main] DEBUG org.apache.http.wire  -  &gt;&gt; &quot;Connection: Keep-Alive[\r][\n]&quot;
2016-09-20 14:23:18,091 [main] DEBUG org.apache.http.wire  -  &gt;&gt; &quot;[\r][\n]&quot;
2016-09-20 14:23:18,091 [main] DEBUG org.apache.http.headers  - &gt;&gt; POST /services/item HTTP/1.1
2016-09-20 14:23:18,091 [main] DEBUG org.apache.http.headers  - &gt;&gt; Accept-Encoding: gzip, deflate
2016-09-20 14:23:18,091 [main] DEBUG org.apache.http.headers  - &gt;&gt; Content-Type: application/xml
2016-09-20 14:23:18,091 [main] DEBUG org.apache.http.headers  - &gt;&gt; Content-Length: 126
2016-09-20 14:23:18,091 [main] DEBUG org.apache.http.headers  - &gt;&gt; Host: localhost:10000
2016-09-20 14:23:18,092 [main] DEBUG org.apache.http.headers  - &gt;&gt; Connection: Keep-Alive
2016-09-20 14:23:18,092 [main] DEBUG org.apache.http.wire  -  &gt;&gt; &quot;&lt;?xml version=&quot;1.0&quot; encoding=&quot;UTF-8&quot; standalone=&quot;yes&quot;?&gt;&lt;item id=&quot;0&quot;&gt;&lt;item_name&gt;Toothbrush&lt;/item_name&gt;&lt;price&gt;5.0&lt;/price&gt;&lt;/item&gt;&quot;
2016-09-20 14:23:18,099 [main] DEBUG org.apache.http.wire  -  &lt;&lt; &quot;HTTP/1.1 415 Unsupported Media Type[\r][\n]&quot;
2016-09-20 14:23:18,099 [main] DEBUG org.apache.http.wire  -  &lt;&lt; &quot;Content-Length: 0[\r][\n]&quot;
2016-09-20 14:23:18,099 [main] DEBUG org.apache.http.wire  -  &lt;&lt; &quot;Server: Jetty(9.0.6.v20130930)[\r][\n]&quot;
2016-09-20 14:23:18,099 [main] DEBUG org.apache.http.wire  -  &lt;&lt; &quot;[\r][\n]&quot;
2016-09-20 14:23:18,099 [main] DEBUG org.apache.http.impl.conn.DefaultClientConnection  - Receiving response: HTTP/1.1 415 Unsupported Media Type
2016-09-20 14:23:18,099 [main] DEBUG org.apache.http.headers  - &lt;&lt; HTTP/1.1 415 Unsupported Media Type
2016-09-20 14:23:18,099 [main] DEBUG org.apache.http.headers  - &lt;&lt; Content-Length: 0
2016-09-20 14:23:18,099 [main] DEBUG org.apache.http.headers  - &lt;&lt; Server: Jetty(9.0.6.v20130930)
2016-09-20 14:23:18,100 [main] DEBUG org.apache.http.impl.client.DefaultHttpClient  - Connection can be kept alive indefinitely
2016-09-20 14:23:18,100 [main] DEBUG org.apache.http.impl.conn.BasicClientConnectionManager  - Releasing connection org.apache.http.impl.conn.ManagedClientConnectionImpl@7e5afaa6
2016-09-20 14:23:18,100 [main] DEBUG org.apache.http.impl.conn.BasicClientConnectionManager  - Connection can be kept alive indefinitely
2016-09-20 14:23:18,138 [main] DEBUG org.apache.http.impl.conn.BasicClientConnectionManager  - Get connection for route {}-&gt;http://localhost:10000
2016-09-20 14:23:18,138 [main] DEBUG org.apache.http.impl.client.DefaultHttpClient  - Stale connection check
2016-09-20 14:23:18,139 [main] DEBUG org.apache.http.client.protocol.RequestAddCookies  - CookieSpec selected: best-match
2016-09-20 14:23:18,139 [main] DEBUG org.apache.http.client.protocol.RequestAuthCache  - Auth cache not set in the context
2016-09-20 14:23:18,139 [main] DEBUG org.apache.http.client.protocol.RequestTargetAuthentication  - Target auth state: UNCHALLENGED
2016-09-20 14:23:18,139 [main] DEBUG org.apache.http.client.protocol.RequestProxyAuthentication  - Proxy auth state: UNCHALLENGED
2016-09-20 14:23:18,139 [main] DEBUG org.apache.http.impl.client.DefaultHttpClient  - Attempt 1 to execute request
2016-09-20 14:23:18,139 [main] DEBUG org.apache.http.impl.conn.DefaultClientConnection  - Sending request: POST /services/purchase HTTP/1.1
2016-09-20 14:23:18,139 [main] DEBUG org.apache.http.wire  -  &gt;&gt; &quot;POST /services/purchase HTTP/1.1[\r][\n]&quot;
2016-09-20 14:23:18,139 [main] DEBUG org.apache.http.wire  -  &gt;&gt; &quot;Accept-Encoding: gzip, deflate[\r][\n]&quot;
2016-09-20 14:23:18,139 [main] DEBUG org.apache.http.wire  -  &gt;&gt; &quot;Content-Type: application/xml[\r][\n]&quot;
2016-09-20 14:23:18,139 [main] DEBUG org.apache.http.wire  -  &gt;&gt; &quot;Content-Length: 524[\r][\n]&quot;
2016-09-20 14:23:18,139 [main] DEBUG org.apache.http.wire  -  &gt;&gt; &quot;Host: localhost:10000[\r][\n]&quot;
2016-09-20 14:23:18,139 [main] DEBUG org.apache.http.wire  -  &gt;&gt; &quot;Connection: Keep-Alive[\r][\n]&quot;
2016-09-20 14:23:18,139 [main] DEBUG org.apache.http.wire  -  &gt;&gt; &quot;[\r][\n]&quot;
2016-09-20 14:23:18,139 [main] DEBUG org.apache.http.headers  - &gt;&gt; POST /services/purchase HTTP/1.1
2016-09-20 14:23:18,139 [main] DEBUG org.apache.http.headers  - &gt;&gt; Accept-Encoding: gzip, deflate
2016-09-20 14:23:18,139 [main] DEBUG org.apache.http.headers  - &gt;&gt; Content-Type: application/xml
2016-09-20 14:23:18,140 [main] DEBUG org.apache.http.headers  - &gt;&gt; Content-Length: 524
2016-09-20 14:23:18,140 [main] DEBUG org.apache.http.headers  - &gt;&gt; Host: localhost:10000
2016-09-20 14:23:18,140 [main] DEBUG org.apache.http.headers  - &gt;&gt; Connection: Keep-Alive
2016-09-20 14:23:18,140 [main] DEBUG org.apache.http.wire  -  &gt;&gt; &quot;&lt;?xml version=&quot;1.0&quot; encoding=&quot;UTF-8&quot; standalone=&quot;yes&quot;?&gt;&lt;purchases id=&quot;0&quot;&gt;&lt;buyer&gt;&lt;id&gt;0&lt;/id&gt;&lt;userName&gt;soCool&lt;/userName&gt;&lt;firstName&gt;So&lt;/firstName&gt;&lt;lastName&gt;Cool&lt;/lastName&gt;&lt;billingAddress&gt;&lt;street&gt;12 abc Street&lt;/street&gt;&lt;city&gt;Auckland&lt;/city&gt;&lt;country&gt;New Zealand&lt;/country&gt;&lt;post-code&gt;1111&lt;/post-code&gt;&lt;/billingAddress&gt;&lt;shippingAddress&gt;&lt;street&gt;12 abc Street&lt;/street&gt;&lt;city&gt;Auckland&lt;/city&gt;&lt;country&gt;New Zealand&lt;/country&gt;&lt;post-code&gt;1111&lt;/post-code&gt;&lt;/shippingAddress&gt;&lt;/buyer&gt;&lt;items&gt;&lt;id&gt;0&lt;/id&gt;&lt;/items&gt;&lt;total_cost&gt;5.0&lt;/total_cost&gt;&lt;/purchases&gt;&quot;
2016-09-20 14:23:18,144 [main] DEBUG org.apache.http.wire  -  &lt;&lt; &quot;HTTP/1.1 415 Unsupported Media Type[\r][\n]&quot;
2016-09-20 14:23:18,144 [main] DEBUG org.apache.http.wire  -  &lt;&lt; &quot;Content-Length: 0[\r][\n]&quot;
2016-09-20 14:23:18,144 [main] DEBUG org.apache.http.wire  -  &lt;&lt; &quot;Server: Jetty(9.0.6.v20130930)[\r][\n]&quot;
2016-09-20 14:23:18,144 [main] DEBUG org.apache.http.wire  -  &lt;&lt; &quot;[\r][\n]&quot;
2016-09-20 14:23:18,144 [main] DEBUG org.apache.http.impl.conn.DefaultClientConnection  - Receiving response: HTTP/1.1 415 Unsupported Media Type
2016-09-20 14:23:18,144 [main] DEBUG org.apache.http.headers  - &lt;&lt; HTTP/1.1 415 Unsupported Media Type
2016-09-20 14:23:18,144 [main] DEBUG org.apache.http.headers  - &lt;&lt; Content-Length: 0
2016-09-20 14:23:18,144 [main] DEBUG org.apache.http.headers  - &lt;&lt; Server: Jetty(9.0.6.v20130930)
2016-09-20 14:23:18,145 [main] DEBUG org.apache.http.impl.client.DefaultHttpClient  - Connection can be kept alive indefinitely
</system-out>
  </testcase>
</testsuite>